<?xml version="1.0" encoding="UTF-8"?>
<!-- Generated by org.testng.reporters.JUnitReportReporter -->
<testsuite skipped="0" hostname="DESKTOP-RR053FN" name="test.LoginTest" tests="1" failures="0" timestamp="2020-04-23T21:55:07 CDT" time="14.624" errors="0">
  <testcase name="validuserShouldLogin" time="14.624" classname="test.LoginTest"/>
</testsuite> <!-- test.LoginTest -->
